[2025-03-08 11:03:23,186]1025 httpx - INFO - HTTP Request: GET https://dagshub.com/api/v1/user "HTTP/1.1 200 OK"
[2025-03-08 11:03:23,186]107 dagshub - INFO - Accessing as Chirag-Jogi
[2025-03-08 11:03:23,586]1025 httpx - INFO - HTTP Request: GET https://dagshub.com/api/v1/repos/Chirag-Jogi/networksecurity "HTTP/1.1 200 OK"
[2025-03-08 11:03:24,016]1025 httpx - INFO - HTTP Request: GET https://dagshub.com/api/v1/user "HTTP/1.1 200 OK"
[2025-03-08 11:03:24,019]107 dagshub - INFO - Initialized MLflow to track repo "Chirag-Jogi/networksecurity"
[2025-03-08 11:03:24,020]107 dagshub - INFO - Repository Chirag-Jogi/networksecurity initialized!
[2025-03-08 11:04:41,930]34 root - INFO - Start data Ingestion
[2025-03-08 11:04:44,653]68 root - INFO - Performed train test split on the dataframe
[2025-03-08 11:04:44,653]70 root - INFO - Exited split_data_as_train_test method of Data_Ingestion class
[2025-03-08 11:04:44,653]77 root - INFO - Exporting train and test file path
[2025-03-08 11:04:44,702]85 root - INFO - Exported train and test file path
[2025-03-08 11:04:44,702]37 root - INFO - Data Ingestion completed and artifact : DataIngestionArtifact(trained_file_path='Artifacts\\03_08_2025_11_03_19\\data_ingestion\\ingested\\train.csv', test_file_path='Artifacts\\03_08_2025_11_03_19\\data_ingestion\\ingested\\test.csv')
[2025-03-08 11:04:44,702]47 root - INFO - Initiate the data validation
[2025-03-08 11:04:44,719]31 root - INFO - Required number of columns:2
[2025-03-08 11:04:44,719]32 root - INFO - Data frame has columns: 31
[2025-03-08 11:04:44,719]31 root - INFO - Required number of columns:2
[2025-03-08 11:04:44,719]32 root - INFO - Data frame has columns: 31
[2025-03-08 11:04:44,719]48 root - INFO - Required numeric of columns :0
[2025-03-08 11:04:44,719]49 root - INFO - Data Frame has numeric columns:31
[2025-03-08 11:04:44,719]48 root - INFO - Required numeric of columns :0
[2025-03-08 11:04:44,719]49 root - INFO - Data Frame has numeric columns:31
[2025-03-08 11:04:44,836]49 root - INFO -  data validation completed and artifact : DataValidationArtifacts(validation_status=None, valid_train_file_path='Artifacts\\03_08_2025_11_03_19\\data_ingestion\\ingested\\train.csv', valid_test_file_path='Artifacts\\03_08_2025_11_03_19\\data_ingestion\\ingested\\test.csv', invalid_train_file_path=None, invalid_test_file_path=None, drift_report_file_path='Artifacts\\03_08_2025_11_03_19\\data_validation\\drift_report\\report.yaml')
[2025-03-08 11:04:44,836]60 root - INFO - Initiate the data tranformation
[2025-03-08 11:04:44,836]60 root - INFO - Entered initiate_data_transformation method of DataTransformation class
[2025-03-08 11:04:44,836]62 root - INFO - Starting data transformation
[2025-03-08 11:04:44,853]46 root - INFO - Entered get_data_tranformer_object method of transformation class
[2025-03-08 11:04:44,853]50 root - INFO - Initialise KNNImputer with {'missing_values': nan, 'n_neighbors': 3, 'weights': 'uniform'}
[2025-03-08 11:04:44,869]45 root - INFO - Entered the save_object method of MainUtils class
[2025-03-08 11:04:44,869]49 root - INFO - Exited the save_object method of MainUtils class
[2025-03-08 11:04:44,869]45 root - INFO - Entered the save_object method of MainUtils class
[2025-03-08 11:04:44,869]49 root - INFO - Exited the save_object method of MainUtils class
[2025-03-08 11:04:44,869]62 root - INFO - Data transformation completed and artifact :DataTransformationArtifact(transformed_object_file_path='Artifacts\\03_08_2025_11_03_19\\data_transformation\\transformed_object\\preprocessing.pkl', transformed_train_file_path='Artifacts\\03_08_2025_11_03_19\\data_transformation\\transformed\\train.npy', transformed_test_file_path='Artifacts\\03_08_2025_11_03_19\\data_transformation\\transformed\\test.npy')
[2025-03-08 11:04:44,869]72 root - INFO - Initiate the model trainer
[2025-03-08 11:07:43,864]45 root - INFO - Entered the save_object method of MainUtils class
[2025-03-08 11:07:43,885]49 root - INFO - Exited the save_object method of MainUtils class
[2025-03-08 11:07:43,885]45 root - INFO - Entered the save_object method of MainUtils class
[2025-03-08 11:07:43,899]49 root - INFO - Exited the save_object method of MainUtils class
[2025-03-08 11:07:43,901]130 root - INFO - Model trainer artifact :ModelTrainerArtifact(trained_model_file_path='Artifacts\\03_08_2025_11_03_19\\model_trainer\\trained_model\\model.pkl', train_metric_artifact=ClassificationMetricArtifact(f1_score=0.9917774845193381, precision_score=0.9908722109533469, recall_score=0.9926844137370453), test_metric_artifact=ClassificationMetricArtifact(f1_score=0.9762000806776926, precision_score=0.9734513274336283, recall_score=0.9789644012944984))
[2025-03-08 11:07:43,903]74 root - INFO - Model trainer completed and artifact :None
